<?xml version="1.0" encoding="UTF-8"?>
<testsuite name="com.example.chatapp.ChatappApplicationTests" tests="1" skipped="0" failures="0" errors="0" timestamp="2023-02-25T22:53:56" hostname="DESKTOP-GFEVE06" time="0.253">
  <properties/>
  <testcase name="contextLoads()" classname="com.example.chatapp.ChatappApplicationTests" time="0.253"/>
  <system-out><![CDATA[23:53:52.923 [Test worker] DEBUG org.springframework.boot.test.context.SpringBootTestContextBootstrapper - Neither @ContextConfiguration nor @ContextHierarchy found for test class [ChatappApplicationTests]: using SpringBootContextLoader
23:53:52.927 [Test worker] DEBUG org.springframework.test.context.support.AbstractContextLoader - Could not detect default resource locations for test class [com.example.chatapp.ChatappApplicationTests]: no resource found for suffixes {-context.xml, Context.groovy}.
23:53:52.928 [Test worker] INFO org.springframework.test.context.support.AnnotationConfigContextLoaderUtils - Could not detect default configuration classes for test class [com.example.chatapp.ChatappApplicationTests]: ChatappApplicationTests does not declare any static, non-private, non-final, nested classes annotated with @Configuration.
23:53:52.947 [Test worker] DEBUG org.springframework.boot.test.context.SpringBootTestContextBootstrapper - Using ContextCustomizers for test class [ChatappApplicationTests]: [DisableObservabilityContextCustomizer, PropertyMappingContextCustomizer, Customizer, ExcludeFilterContextCustomizer, DuplicateJsonObjectContextCustomizer, MockitoContextCustomizer, TestRestTemplateContextCustomizer]
23:53:52.998 [Test worker] DEBUG org.springframework.context.annotation.ClassPathScanningCandidateComponentProvider - Identified candidate component class: file [C:\Users\frans\Desktop\mystuff\springBoot\chatapp\build\classes\kotlin\main\com\example\chatapp\ChatappApplication.class]
23:53:52.999 [Test worker] INFO org.springframework.boot.test.context.SpringBootTestContextBootstrapper - Found @SpringBootConfiguration com.example.chatapp.ChatappApplication for test class com.example.chatapp.ChatappApplicationTests
23:53:53.089 [Test worker] DEBUG org.springframework.boot.test.context.SpringBootTestContextBootstrapper - Using TestExecutionListeners for test class [ChatappApplicationTests]: [ServletTestExecutionListener, DirtiesContextBeforeModesTestExecutionListener, ApplicationEventsTestExecutionListener, MockitoTestExecutionListener, DependencyInjectionTestExecutionListener, DirtiesContextTestExecutionListener, TransactionalTestExecutionListener, SqlScriptsTestExecutionListener, EventPublishingTestExecutionListener, RestDocsTestExecutionListener, MockRestServiceServerResetTestExecutionListener, MockMvcPrintOnlyOnFailureTestExecutionListener, WebDriverTestExecutionListener, MockWebServiceServerTestExecutionListener, ResetMocksTestExecutionListener]
23:53:53.091 [Test worker] DEBUG org.springframework.test.context.support.AbstractDirtiesContextTestExecutionListener - Before test class: class [ChatappApplicationTests], class annotated with @DirtiesContext [false] with mode [null]

  .   ____          _            __ _ _
 /\\ / ___'_ __ _ _(_)_ __  __ _ \ \ \ \
( ( )\___ | '_ | '_| | '_ \/ _` | \ \ \ \
 \\/  ___)| |_)| | | | | || (_| |  ) ) ) )
  '  |____| .__|_| |_|_| |_\__, | / / / /
 =========|_|==============|___/=/_/_/_/
 :: Spring Boot ::                (v3.0.2)

2023-02-25T23:53:53.334+01:00  INFO 19604 --- [    Test worker] c.e.chatapp.ChatappApplicationTests      : Starting ChatappApplicationTests using Java 18.0.1.1 with PID 19604 (started by frans in C:\Users\frans\Desktop\mystuff\springBoot\chatapp)
2023-02-25T23:53:53.335+01:00  INFO 19604 --- [    Test worker] c.e.chatapp.ChatappApplicationTests      : No active profile set, falling back to 1 default profile: "default"
2023-02-25T23:53:53.851+01:00  INFO 19604 --- [    Test worker] .s.d.r.c.RepositoryConfigurationDelegate : Bootstrapping Spring Data JPA repositories in DEFAULT mode.
2023-02-25T23:53:53.893+01:00  INFO 19604 --- [    Test worker] .s.d.r.c.RepositoryConfigurationDelegate : Finished Spring Data repository scanning in 36 ms. Found 1 JPA repository interfaces.
2023-02-25T23:53:54.234+01:00  INFO 19604 --- [    Test worker] o.hibernate.jpa.internal.util.LogHelper  : HHH000204: Processing PersistenceUnitInfo [name: default]
2023-02-25T23:53:54.287+01:00  INFO 19604 --- [    Test worker] org.hibernate.Version                    : HHH000412: Hibernate ORM core version 6.1.6.Final
2023-02-25T23:53:54.426+01:00  WARN 19604 --- [    Test worker] org.hibernate.orm.deprecation            : HHH90000021: Encountered deprecated setting [javax.persistence.sharedCache.mode], use [jakarta.persistence.sharedCache.mode] instead
2023-02-25T23:53:54.531+01:00  INFO 19604 --- [    Test worker] com.zaxxer.hikari.HikariDataSource       : HikariPool-1 - Starting...
2023-02-25T23:53:54.691+01:00  INFO 19604 --- [    Test worker] com.zaxxer.hikari.pool.HikariPool        : HikariPool-1 - Added connection conn0: url=jdbc:h2:~/chat user=SA
2023-02-25T23:53:54.692+01:00  INFO 19604 --- [    Test worker] com.zaxxer.hikari.HikariDataSource       : HikariPool-1 - Start completed.
2023-02-25T23:53:54.708+01:00  INFO 19604 --- [    Test worker] SQL dialect                              : HHH000400: Using dialect: org.hibernate.dialect.H2Dialect
Hibernate: 
    
    drop table if exists chat_user cascade 
Hibernate: 
    
    create table chat_user (
       id bigint generated by default as identity,
        created_at timestamp(6),
        username varchar(255),
        primary key (id)
    )
2023-02-25T23:53:55.115+01:00  INFO 19604 --- [    Test worker] o.h.e.t.j.p.i.JtaPlatformInitiator       : HHH000490: Using JtaPlatform implementation: [org.hibernate.engine.transaction.jta.platform.internal.NoJtaPlatform]
2023-02-25T23:53:55.123+01:00  INFO 19604 --- [    Test worker] j.LocalContainerEntityManagerFactoryBean : Initialized JPA EntityManagerFactory for persistence unit 'default'
2023-02-25T23:53:55.516+01:00  WARN 19604 --- [    Test worker] JpaBaseConfiguration$JpaWebConfiguration : spring.jpa.open-in-view is enabled by default. Therefore, database queries may be performed during view rendering. Explicitly configure spring.jpa.open-in-view to disable this warning
2023-02-25T23:53:55.761+01:00  INFO 19604 --- [    Test worker] o.s.b.a.w.s.WelcomePageHandlerMapping    : Adding welcome page template: index
2023-02-25T23:53:56.216+01:00  INFO 19604 --- [    Test worker] o.s.b.a.h2.H2ConsoleAutoConfiguration    : H2 console available at '/h2-console'. Database available at 'jdbc:h2:~/chat'
2023-02-25T23:53:56.257+01:00  INFO 19604 --- [    Test worker] o.s.m.s.b.SimpleBrokerMessageHandler     : Starting...
2023-02-25T23:53:56.259+01:00  INFO 19604 --- [    Test worker] o.s.m.s.b.SimpleBrokerMessageHandler     : BrokerAvailabilityEvent[available=true, SimpleBrokerMessageHandler [org.springframework.messaging.simp.broker.DefaultSubscriptionRegistry@727e61ed]]
2023-02-25T23:53:56.260+01:00  INFO 19604 --- [    Test worker] o.s.m.s.b.SimpleBrokerMessageHandler     : Started.
2023-02-25T23:53:56.275+01:00  INFO 19604 --- [    Test worker] c.e.chatapp.ChatappApplicationTests      : Started ChatappApplicationTests in 3.145 seconds (process running for 4.042)
]]></system-out>
  <system-err><![CDATA[]]></system-err>
</testsuite>
